<?xml version="1.0" encoding="UTF-8"?>
<coverage generated="1527155353969" clover="4.1.2">
   <project name="ImFootball Coverage Report" timestamp="1527145686702">
      <metrics coveredelements="96" complexity="38" loc="398" methods="36" classes="10" statements="118" packages="6" coveredconditionals="2" coveredmethods="23" elements="156" ncloc="319" files="10" conditionals="2" coveredstatements="71"/>
      <package name="ucreate.com.ImFootball.Live">
         <metrics coveredelements="11" complexity="3" loc="35" methods="3" classes="1" statements="8" coveredconditionals="0" coveredmethods="3" elements="11" ncloc="26" files="1" conditionals="0" coveredstatements="8"/>
         <file path="/home/hp/eclipse-workspace/ImFootball/src/main/java/ucreate/com/ImFootball/Live/LivePage.java" name="LivePage.java">
            <metrics coveredelements="11" coveredconditionals="0" complexity="3" loc="35" coveredmethods="3" methods="3" elements="11" classes="1" ncloc="26" statements="8" conditionals="0" coveredstatements="8"/>
            <class name="LivePage">
               <metrics coveredelements="11" coveredconditionals="0" complexity="3" coveredmethods="3" methods="3" elements="11" statements="8" conditionals="0" coveredstatements="8"/>
            </class>
            <line complexity="1" visibility="public" signature="LivePage(AppiumDriver&lt;MobileElement&gt;)" num="22" count="2" type="method"/>
            <line num="23" count="2" type="stmt"/>
            <line num="24" count="2" type="stmt"/>
            <line complexity="1" visibility="public" signature="livePageHeading() : String" num="25" count="1" type="method"/>
            <line num="26" count="1" type="stmt"/>
            <line num="27" count="1" type="stmt"/>
            <line num="28" count="1" type="stmt"/>
            <line complexity="1" visibility="public" signature="profileMenu() : void" num="30" count="1" type="method"/>
            <line num="31" count="1" type="stmt"/>
            <line num="32" count="1" type="stmt"/>
            <line num="33" count="1" type="stmt"/>
         </file>
      </package>
      <package name="ucreate.com.ImFootball.Login">
         <metrics coveredelements="25" complexity="15" loc="112" methods="15" classes="1" statements="29" coveredconditionals="0" coveredmethods="11" elements="44" ncloc="77" files="1" conditionals="0" coveredstatements="14"/>
         <file path="/home/hp/eclipse-workspace/ImFootball/src/main/java/ucreate/com/ImFootball/Login/LoginPage.java" name="LoginPage.java">
            <metrics coveredelements="25" coveredconditionals="0" complexity="15" loc="112" coveredmethods="11" methods="15" elements="44" classes="1" ncloc="77" statements="29" conditionals="0" coveredstatements="14"/>
            <class name="LoginPage">
               <metrics coveredelements="25" coveredconditionals="0" complexity="15" coveredmethods="11" methods="15" elements="44" statements="29" conditionals="0" coveredstatements="14"/>
            </class>
            <line complexity="1" visibility="public" signature="LoginPage(AppiumDriver&lt;MobileElement&gt;)" num="45" count="13" type="method"/>
            <line num="46" count="13" type="stmt"/>
            <line num="47" count="13" type="stmt"/>
            <line complexity="1" visibility="public" signature="getEmailPlaceHolder() : String" num="48" count="0" type="method"/>
            <line num="49" count="0" type="stmt"/>
            <line complexity="1" visibility="public" signature="userName(String) : void" num="51" count="12" type="method"/>
            <line num="52" count="12" type="stmt"/>
            <line complexity="1" visibility="public" signature="password(String) : void" num="53" count="12" type="method"/>
            <line num="54" count="12" type="stmt"/>
            <line complexity="1" visibility="public" signature="loginIn() : void" num="55" count="12" type="method"/>
            <line num="56" count="12" type="stmt"/>
            <line complexity="1" visibility="public" signature="mobileback() : void" num="57" count="23" type="method"/>
            <line num="58" count="23" type="stmt"/>
            <line complexity="1" visibility="public" signature="clearusername() : void" num="59" count="11" type="method"/>
            <line num="60" count="11" type="stmt"/>
            <line complexity="1" visibility="public" signature="clearpassword() : void" num="61" count="11" type="method"/>
            <line num="62" count="11" type="stmt"/>
            <line complexity="1" visibility="public" signature="Loginform(String,String) : void" num="63" count="12" type="method"/>
            <line num="64" count="12" type="stmt"/>
            <line num="65" count="12" type="stmt"/>
            <line num="66" count="12" type="stmt"/>
            <line complexity="1" visibility="public" signature="getLoginButtonText() : String" num="67" count="0" type="method"/>
            <line num="68" count="0" type="stmt"/>
            <line complexity="1" visibility="public" signature="getValidationMessage() : String" num="69" count="4" type="method"/>
            <line num="70" count="4" type="stmt"/>
            <line complexity="1" visibility="public" signature="getValidationMessageOnPassword() : String" num="71" count="7" type="method"/>
            <line num="72" count="7" type="stmt"/>
            <line complexity="1" visibility="public" signature="tabOnloginWithFB() : void" num="73" count="1" type="method"/>
            <line num="74" count="1" type="stmt"/>
            <line complexity="1" visibility="public" signature="AddcredentialsInFB() : void" num="76" count="0" type="method"/>
            <line num="77" count="0" type="stmt"/>
            <line num="78" count="0" type="stmt"/>
            <line num="79" count="0" type="stmt"/>
            <line num="80" count="0" type="stmt"/>
            <line num="81" count="0" type="stmt"/>
            <line num="82" count="0" type="stmt"/>
            <line num="83" count="0" type="stmt"/>
            <line num="84" count="0" type="stmt"/>
            <line num="85" count="0" type="stmt"/>
            <line num="86" count="0" type="stmt"/>
            <line num="87" count="0" type="stmt"/>
            <line complexity="1" visibility="public" signature="tabOnCreateAcc() : void" num="90" count="0" type="method"/>
            <line num="91" count="0" type="stmt"/>
            <line num="92" count="0" type="stmt"/>
         </file>
      </package>
      <package name="ucreate.com.ImFootball.Profile">
         <metrics coveredelements="14" complexity="2" loc="38" methods="2" classes="1" statements="12" coveredconditionals="0" coveredmethods="2" elements="14" ncloc="34" files="1" conditionals="0" coveredstatements="12"/>
         <file path="/home/hp/eclipse-workspace/ImFootball/src/main/java/ucreate/com/ImFootball/Profile/ProfilePage.java" name="ProfilePage.java">
            <metrics coveredelements="14" coveredconditionals="0" complexity="2" loc="38" coveredmethods="2" methods="2" elements="14" classes="1" ncloc="34" statements="12" conditionals="0" coveredstatements="12"/>
            <class name="ProfilePage">
               <metrics coveredelements="14" coveredconditionals="0" complexity="2" coveredmethods="2" methods="2" elements="14" statements="12" conditionals="0" coveredstatements="12"/>
            </class>
            <line complexity="1" visibility="public" signature="ProfilePage(AppiumDriver&lt;MobileElement&gt;)" num="25" count="1" type="method"/>
            <line num="26" count="1" type="stmt"/>
            <line num="27" count="1" type="stmt"/>
            <line complexity="1" visibility="public" signature="ProfileSignout() : void" num="28" count="1" type="method"/>
            <line num="29" count="1" type="stmt"/>
            <line num="30" count="1" type="stmt"/>
            <line num="30" count="1" type="stmt"/>
            <line num="31" count="1" type="stmt"/>
            <line num="32" count="1" type="stmt"/>
            <line num="33" count="1" type="stmt"/>
            <line num="34" count="1" type="stmt"/>
            <line num="35" count="1" type="stmt"/>
            <line num="36" count="1" type="stmt"/>
            <line num="37" count="1" type="stmt"/>
         </file>
      </package>
      <package name="ucreate.com.ImFootball.Utilities">
         <metrics coveredelements="40" complexity="9" loc="98" methods="7" classes="3" statements="37" coveredconditionals="2" coveredmethods="5" elements="46" ncloc="90" files="3" conditionals="2" coveredstatements="33"/>
         <file path="/home/hp/eclipse-workspace/ImFootball/src/main/java/ucreate/com/ImFootball/Utilities/BrowserInstance.java" name="BrowserInstance.java">
            <metrics coveredelements="10" coveredconditionals="0" complexity="1" loc="28" coveredmethods="1" methods="1" elements="10" classes="1" ncloc="25" statements="9" conditionals="0" coveredstatements="9"/>
            <class name="BrowserInstance">
               <metrics coveredelements="10" coveredconditionals="0" complexity="1" coveredmethods="1" methods="1" elements="10" statements="9" conditionals="0" coveredstatements="9"/>
            </class>
            <line complexity="1" visibility="public" signature="Setup() : void" num="16" count="2" type="method"/>
            <line num="18" count="2" type="stmt"/>
            <line num="19" count="2" type="stmt"/>
            <line num="20" count="2" type="stmt"/>
            <line num="21" count="2" type="stmt"/>
            <line num="22" count="2" type="stmt"/>
            <line num="23" count="2" type="stmt"/>
            <line num="24" count="2" type="stmt"/>
            <line num="25" count="2" type="stmt"/>
            <line num="26" count="2" type="stmt"/>
         </file>
         <file path="/home/hp/eclipse-workspace/ImFootball/src/main/java/ucreate/com/ImFootball/Utilities/CommonMethods.java" name="CommonMethods.java">
            <metrics coveredelements="14" coveredconditionals="0" complexity="5" loc="42" coveredmethods="3" methods="5" elements="19" classes="1" ncloc="40" statements="14" conditionals="0" coveredstatements="11"/>
            <class name="CommonMethods">
               <metrics coveredelements="14" coveredconditionals="0" complexity="5" coveredmethods="3" methods="5" elements="19" statements="14" conditionals="0" coveredstatements="11"/>
            </class>
            <line complexity="1" visibility="public" signature="CommonMethods(AppiumDriver&lt;MobileElement&gt;)" num="17" count="20" type="method"/>
            <line num="18" count="20" type="stmt"/>
            <line complexity="1" visibility="public" signature="elementToBeClickableWait(String) : void" num="19" count="4" type="method"/>
            <line num="20" count="4" type="stmt"/>
            <line num="21" count="4" type="stmt"/>
            <line complexity="1" visibility="public" signature="presenceOfElementWait(String) : void" num="22" count="0" type="method"/>
            <line num="23" count="0" type="stmt"/>
            <line num="24" count="0" type="stmt"/>
            <line complexity="1" visibility="public" signature="verticalscroll() : void" num="26" count="1" type="method"/>
            <line num="27" count="1" type="stmt"/>
            <line num="28" count="1" type="stmt"/>
            <line num="29" count="1" type="stmt"/>
            <line num="30" count="1" type="stmt"/>
            <line num="31" count="1" type="stmt"/>
            <line num="32" count="1" type="stmt"/>
            <line num="33" count="1" type="stmt"/>
            <line num="39" count="1" type="stmt"/>
            <line complexity="1" visibility="public" signature="mobileback() : void" num="40" count="0" type="method"/>
            <line num="41" count="0" type="stmt"/>
         </file>
         <file path="/home/hp/eclipse-workspace/ImFootball/src/main/java/ucreate/com/ImFootball/Utilities/ReadTestData.java" name="ReadTestData.java">
            <metrics coveredelements="16" coveredconditionals="2" complexity="3" loc="28" coveredmethods="1" methods="1" elements="17" classes="1" ncloc="25" statements="14" conditionals="2" coveredstatements="13"/>
            <class name="ReadTestData">
               <metrics coveredelements="16" coveredconditionals="2" complexity="3" coveredmethods="1" methods="1" elements="17" statements="14" conditionals="2" coveredstatements="13"/>
            </class>
            <line complexity="3" visibility="public" signature="getkeyvalues(String,String) : String[]" num="12" count="37" type="method"/>
            <line num="13" count="37" type="stmt"/>
            <line num="14" count="37" type="stmt"/>
            <line num="15" count="37" type="stmt"/>
            <line num="17" count="0" type="stmt"/>
            <line num="18" count="37" type="stmt"/>
            <line num="19" count="37" type="stmt"/>
            <line num="20" count="37" type="stmt"/>
            <line num="21" count="37" type="stmt"/>
            <line num="22" count="37" type="stmt"/>
            <line falsecount="37" truecount="207" num="22" type="cond"/>
            <line num="23" count="207" type="stmt"/>
            <line num="24" count="207" type="stmt"/>
            <line num="25" count="207" type="stmt"/>
            <line num="26" count="207" type="stmt"/>
            <line num="27" count="37" type="stmt"/>
         </file>
      </package>
      <package name="ucreate.com.ImFootball.CreateAccount">
         <metrics coveredelements="0" complexity="6" loc="86" methods="6" classes="3" statements="26" coveredconditionals="0" coveredmethods="0" elements="32" ncloc="68" files="3" conditionals="0" coveredstatements="0"/>
         <file path="/home/hp/eclipse-workspace/ImFootball/src/main/java/ucreate/com/ImFootball/CreateAccount/CreateAccountPage.java" name="CreateAccountPage.java">
            <metrics coveredelements="0" coveredconditionals="0" complexity="1" loc="18" coveredmethods="0" methods="1" elements="3" classes="1" ncloc="14" statements="2" conditionals="0" coveredstatements="0"/>
            <class name="CreateAccountPage">
               <metrics coveredelements="0" coveredconditionals="0" complexity="1" coveredmethods="0" methods="1" elements="3" statements="2" conditionals="0" coveredstatements="0"/>
            </class>
            <line complexity="1" visibility="public" signature="CreateAccountPage(AppiumDriver&lt;MobileElement&gt;)" num="15" count="0" type="method"/>
            <line num="16" count="0" type="stmt"/>
            <line num="17" count="0" type="stmt"/>
         </file>
         <file path="/home/hp/eclipse-workspace/ImFootball/src/main/java/ucreate/com/ImFootball/CreateAccount/WhoDoYouSupport.java" name="WhoDoYouSupport.java">
            <metrics coveredelements="0" coveredconditionals="0" complexity="5" loc="61" coveredmethods="0" methods="5" elements="29" classes="1" ncloc="51" statements="24" conditionals="0" coveredstatements="0"/>
            <class name="WhoDoYouSupport">
               <metrics coveredelements="0" coveredconditionals="0" complexity="5" coveredmethods="0" methods="5" elements="29" statements="24" conditionals="0" coveredstatements="0"/>
            </class>
            <line complexity="1" visibility="public" signature="WhoDoYouSupport(AppiumDriver&lt;MobileElement&gt;)" num="28" count="0" type="method"/>
            <line num="29" count="0" type="stmt"/>
            <line num="30" count="0" type="stmt"/>
            <line complexity="1" visibility="public" signature="getPageTitle() : String" num="32" count="0" type="method"/>
            <line num="33" count="0" type="stmt"/>
            <line num="34" count="0" type="stmt"/>
            <line num="35" count="0" type="stmt"/>
            <line complexity="1" visibility="public" signature="pickLeagueTwoEnglandSection() : void" num="37" count="0" type="method"/>
            <line num="38" count="0" type="stmt"/>
            <line num="39" count="0" type="stmt"/>
            <line num="40" count="0" type="stmt"/>
            <line num="41" count="0" type="stmt"/>
            <line num="42" count="0" type="stmt"/>
            <line num="43" count="0" type="stmt"/>
            <line num="44" count="0" type="stmt"/>
            <line num="45" count="0" type="stmt"/>
            <line complexity="1" visibility="public" signature="pickPremierLeagueEnglandSection() : void" num="47" count="0" type="method"/>
            <line num="48" count="0" type="stmt"/>
            <line num="49" count="0" type="stmt"/>
            <line num="50" count="0" type="stmt"/>
            <line num="51" count="0" type="stmt"/>
            <line num="52" count="0" type="stmt"/>
            <line num="53" count="0" type="stmt"/>
            <line num="54" count="0" type="stmt"/>
            <line num="55" count="0" type="stmt"/>
            <line complexity="1" visibility="public" signature="navigateback() : void" num="57" count="0" type="method"/>
            <line num="58" count="0" type="stmt"/>
            <line num="59" count="0" type="stmt"/>
            <line num="60" count="0" type="stmt"/>
         </file>
         <file path="/home/hp/eclipse-workspace/ImFootball/src/test/java/ucreate/com/ImFootball/CreateAccount/CreateAccountTest.java" name="CreateAccountTest.java">
            <metrics coveredelements="0" coveredconditionals="0" complexity="0" loc="7" coveredmethods="0" methods="0" elements="0" classes="1" ncloc="3" statements="0" conditionals="0" coveredstatements="0"/>
            <class name="CreateAccountTest">
               <metrics coveredelements="0" coveredconditionals="0" complexity="0" coveredmethods="0" methods="0" elements="0" statements="0" conditionals="0" coveredstatements="0"/>
            </class>
         </file>
      </package>
      <package name="ucreate.com.ImFootball.Home">
         <metrics coveredelements="6" complexity="3" loc="29" methods="3" classes="1" statements="6" coveredconditionals="0" coveredmethods="2" elements="9" ncloc="24" files="1" conditionals="0" coveredstatements="4"/>
         <file path="/home/hp/eclipse-workspace/ImFootball/src/main/java/ucreate/com/ImFootball/Home/HomePage.java" name="HomePage.java">
            <metrics coveredelements="6" coveredconditionals="0" complexity="3" loc="29" coveredmethods="2" methods="3" elements="9" classes="1" ncloc="24" statements="6" conditionals="0" coveredstatements="4"/>
            <class name="HomePage">
               <metrics coveredelements="6" coveredconditionals="0" complexity="3" coveredmethods="2" methods="3" elements="9" statements="6" conditionals="0" coveredstatements="4"/>
            </class>
            <line complexity="1" visibility="public" signature="HomePage(AppiumDriver&lt;MobileElement&gt;)" num="18" count="4" type="method"/>
            <line num="19" count="4" type="stmt"/>
            <line num="20" count="4" type="stmt"/>
            <line complexity="1" visibility="public" signature="clickOnCreateAccount() : void" num="21" count="0" type="method"/>
            <line num="22" count="0" type="stmt"/>
            <line num="23" count="0" type="stmt"/>
            <line complexity="1" visibility="public" signature="clickOnLoginButton() : void" num="24" count="4" type="method"/>
            <line num="25" count="4" type="stmt"/>
            <line num="26" count="2" type="stmt"/>
         </file>
      </package>
   </project>
   <testproject name="ImFootball Coverage Report" timestamp="1527145686702">
      <metrics coveredelements="176" complexity="20" loc="343" methods="20" classes="3" statements="203" packages="3" coveredconditionals="0" coveredmethods="14" elements="223" ncloc="290" files="3" conditionals="0" coveredstatements="162"/>
      <package name="ucreate.com.ImFootball.Login">
         <metrics coveredelements="176" complexity="17" loc="280" methods="17" classes="1" statements="187" coveredconditionals="0" coveredmethods="14" elements="204" ncloc="242" files="1" conditionals="0" coveredstatements="162"/>
         <file path="/home/hp/eclipse-workspace/ImFootball/src/test/java/ucreate/com/ImFootball/Login/LoginTest.java" name="LoginTest.java">
            <metrics coveredelements="176" coveredconditionals="0" complexity="17" loc="280" coveredmethods="14" methods="17" elements="204" classes="1" ncloc="242" statements="187" conditionals="0" coveredstatements="162"/>
            <class name="LoginTest">
               <metrics coveredelements="176" complexity="17" methods="17" testruns="17" statements="187" coveredconditionals="0" coveredmethods="14" elements="204" testfailures="3" testduration="393.275" conditionals="0" coveredstatements="162" testpasses="14"/>
            </class>
            <line complexity="1" visibility="public" signature="clickOnLoginButton() : void" num="25" testsuccess="true" count="2" testduration="3.26" type="method"/>
            <line num="27" count="2" type="stmt"/>
            <line num="28" count="2" type="stmt"/>
            <line num="29" count="1" type="stmt"/>
            <line complexity="1" visibility="public" signature="loginInvalidDeatils1() : void" num="32" testsuccess="true" count="1" testduration="12.692" type="method"/>
            <line num="34" count="1" type="stmt"/>
            <line num="35" count="1" type="stmt"/>
            <line num="36" count="1" type="stmt"/>
            <line num="37" count="1" type="stmt"/>
            <line num="38" count="1" type="stmt"/>
            <line num="39" count="1" type="stmt"/>
            <line num="40" count="1" type="stmt"/>
            <line num="41" count="1" type="stmt"/>
            <line num="42" count="1" type="stmt"/>
            <line num="43" count="1" type="stmt"/>
            <line complexity="1" visibility="public" signature="loginInvalidDetails2() : void" num="46" testsuccess="true" count="1" testduration="23.073" type="method"/>
            <line num="48" count="1" type="stmt"/>
            <line num="49" count="1" type="stmt"/>
            <line num="50" count="1" type="stmt"/>
            <line num="51" count="1" type="stmt"/>
            <line num="52" count="1" type="stmt"/>
            <line num="53" count="1" type="stmt"/>
            <line num="54" count="1" type="stmt"/>
            <line num="55" count="1" type="stmt"/>
            <line num="56" count="1" type="stmt"/>
            <line num="57" count="1" type="stmt"/>
            <line num="58" count="1" type="stmt"/>
            <line num="59" count="1" type="stmt"/>
            <line num="60" count="1" type="stmt"/>
            <line num="61" count="1" type="stmt"/>
            <line complexity="1" visibility="public" signature="loginInvalidDetails3() : void" num="63" testsuccess="true" count="1" testduration="23.172" type="method"/>
            <line num="65" count="1" type="stmt"/>
            <line num="66" count="1" type="stmt"/>
            <line num="67" count="1" type="stmt"/>
            <line num="68" count="1" type="stmt"/>
            <line num="69" count="1" type="stmt"/>
            <line num="70" count="1" type="stmt"/>
            <line num="71" count="1" type="stmt"/>
            <line num="72" count="1" type="stmt"/>
            <line num="73" count="1" type="stmt"/>
            <line num="74" count="1" type="stmt"/>
            <line num="75" count="1" type="stmt"/>
            <line num="76" count="1" type="stmt"/>
            <line num="77" count="1" type="stmt"/>
            <line num="78" count="1" type="stmt"/>
            <line complexity="1" visibility="public" signature="loginInvalidDetails4() : void" num="80" testsuccess="false" count="0" testduration="24.742" type="method"/>
            <line num="82" count="0" type="stmt"/>
            <line num="83" count="0" type="stmt"/>
            <line num="84" count="0" type="stmt"/>
            <line num="85" count="0" type="stmt"/>
            <line num="86" count="0" type="stmt"/>
            <line num="87" count="0" type="stmt"/>
            <line num="88" count="0" type="stmt"/>
            <line num="89" count="0" type="stmt"/>
            <line num="90" count="0" type="stmt"/>
            <line num="91" count="0" type="stmt"/>
            <line num="92" count="0" type="stmt"/>
            <line num="93" count="0" type="stmt"/>
            <line num="94" count="0" type="stmt"/>
            <line num="95" count="0" type="stmt"/>
            <line complexity="1" visibility="public" signature="loginInvalidDetails5() : void" num="97" testsuccess="true" count="1" testduration="19.96" type="method"/>
            <line num="99" count="1" type="stmt"/>
            <line num="100" count="1" type="stmt"/>
            <line num="101" count="1" type="stmt"/>
            <line num="102" count="1" type="stmt"/>
            <line num="103" count="1" type="stmt"/>
            <line num="104" count="1" type="stmt"/>
            <line num="105" count="1" type="stmt"/>
            <line num="106" count="1" type="stmt"/>
            <line num="107" count="1" type="stmt"/>
            <line num="108" count="1" type="stmt"/>
            <line num="109" count="1" type="stmt"/>
            <line num="110" count="1" type="stmt"/>
            <line num="111" count="1" type="stmt"/>
            <line num="112" count="1" type="stmt"/>
            <line complexity="1" visibility="public" signature="loginInvalidDetails6() : void" num="114" testsuccess="true" count="1" testduration="23.145" type="method"/>
            <line num="116" count="1" type="stmt"/>
            <line num="117" count="1" type="stmt"/>
            <line num="118" count="1" type="stmt"/>
            <line num="119" count="1" type="stmt"/>
            <line num="120" count="1" type="stmt"/>
            <line num="121" count="1" type="stmt"/>
            <line num="122" count="1" type="stmt"/>
            <line num="123" count="1" type="stmt"/>
            <line num="124" count="1" type="stmt"/>
            <line num="125" count="1" type="stmt"/>
            <line num="126" count="1" type="stmt"/>
            <line num="127" count="1" type="stmt"/>
            <line num="128" count="1" type="stmt"/>
            <line num="129" count="1" type="stmt"/>
            <line complexity="1" visibility="public" signature="loginInvalidDetails7() : void" num="132" testsuccess="true" count="1" testduration="20.174" type="method"/>
            <line num="134" count="1" type="stmt"/>
            <line num="135" count="1" type="stmt"/>
            <line num="136" count="1" type="stmt"/>
            <line num="137" count="1" type="stmt"/>
            <line num="138" count="1" type="stmt"/>
            <line num="139" count="1" type="stmt"/>
            <line num="140" count="1" type="stmt"/>
            <line num="141" count="1" type="stmt"/>
            <line num="142" count="1" type="stmt"/>
            <line num="143" count="1" type="stmt"/>
            <line num="144" count="1" type="stmt"/>
            <line num="145" count="1" type="stmt"/>
            <line num="146" count="1" type="stmt"/>
            <line num="147" count="1" type="stmt"/>
            <line complexity="1" visibility="public" signature="loginInvalidDetails8() : void" num="150" testsuccess="true" count="1" testduration="19.78" type="method"/>
            <line num="152" count="1" type="stmt"/>
            <line num="153" count="1" type="stmt"/>
            <line num="154" count="1" type="stmt"/>
            <line num="155" count="1" type="stmt"/>
            <line num="156" count="1" type="stmt"/>
            <line num="157" count="1" type="stmt"/>
            <line num="158" count="1" type="stmt"/>
            <line num="159" count="1" type="stmt"/>
            <line num="160" count="1" type="stmt"/>
            <line num="161" count="1" type="stmt"/>
            <line num="162" count="1" type="stmt"/>
            <line num="163" count="1" type="stmt"/>
            <line num="164" count="1" type="stmt"/>
            <line num="165" count="1" type="stmt"/>
            <line complexity="1" visibility="public" signature="loginInvalidDetails9() : void" num="169" testsuccess="true" count="1" testduration="19.986" type="method"/>
            <line num="171" count="1" type="stmt"/>
            <line num="172" count="1" type="stmt"/>
            <line num="173" count="1" type="stmt"/>
            <line num="174" count="1" type="stmt"/>
            <line num="175" count="1" type="stmt"/>
            <line num="176" count="1" type="stmt"/>
            <line num="177" count="1" type="stmt"/>
            <line num="178" count="1" type="stmt"/>
            <line num="179" count="1" type="stmt"/>
            <line num="180" count="1" type="stmt"/>
            <line num="181" count="1" type="stmt"/>
            <line num="182" count="1" type="stmt"/>
            <line num="183" count="1" type="stmt"/>
            <line num="184" count="1" type="stmt"/>
            <line complexity="1" visibility="public" signature="loginInvalidDetails10() : void" num="187" testsuccess="true" count="1" testduration="19.931" type="method"/>
            <line num="189" count="1" type="stmt"/>
            <line num="190" count="1" type="stmt"/>
            <line num="191" count="1" type="stmt"/>
            <line num="192" count="1" type="stmt"/>
            <line num="193" count="1" type="stmt"/>
            <line num="194" count="1" type="stmt"/>
            <line num="195" count="1" type="stmt"/>
            <line num="196" count="1" type="stmt"/>
            <line num="197" count="1" type="stmt"/>
            <line num="198" count="1" type="stmt"/>
            <line num="199" count="1" type="stmt"/>
            <line num="200" count="1" type="stmt"/>
            <line num="201" count="1" type="stmt"/>
            <line num="202" count="1" type="stmt"/>
            <line complexity="1" visibility="public" signature="loginInvalidDetails11() : void" num="205" testsuccess="true" count="1" testduration="19.672" type="method"/>
            <line num="207" count="1" type="stmt"/>
            <line num="208" count="1" type="stmt"/>
            <line num="209" count="1" type="stmt"/>
            <line num="210" count="1" type="stmt"/>
            <line num="211" count="1" type="stmt"/>
            <line num="212" count="1" type="stmt"/>
            <line num="213" count="1" type="stmt"/>
            <line num="214" count="1" type="stmt"/>
            <line num="215" count="1" type="stmt"/>
            <line num="216" count="1" type="stmt"/>
            <line num="217" count="1" type="stmt"/>
            <line num="218" count="1" type="stmt"/>
            <line num="219" count="1" type="stmt"/>
            <line num="220" count="1" type="stmt"/>
            <line complexity="1" visibility="public" signature="loginValidDetails() : void" num="223" testsuccess="true" count="1" testduration="47.359" type="method"/>
            <line num="225" count="1" type="stmt"/>
            <line num="226" count="1" type="stmt"/>
            <line num="227" count="1" type="stmt"/>
            <line num="228" count="1" type="stmt"/>
            <line num="229" count="1" type="stmt"/>
            <line num="230" count="1" type="stmt"/>
            <line num="231" count="1" type="stmt"/>
            <line num="232" count="1" type="stmt"/>
            <line num="233" count="1" type="stmt"/>
            <line num="234" count="1" type="stmt"/>
            <line num="235" count="1" type="stmt"/>
            <line num="236" count="1" type="stmt"/>
            <line num="237" count="1" type="stmt"/>
            <line num="238" count="1" type="stmt"/>
            <line num="239" count="1" type="stmt"/>
            <line complexity="1" visibility="public" signature="Signout() : void" num="242" testsuccess="true" count="1" testduration="6.944" type="method"/>
            <line num="244" count="1" type="stmt"/>
            <line num="245" count="1" type="stmt"/>
            <line num="246" count="1" type="stmt"/>
            <line complexity="1" visibility="public" signature="tabOnLoginwithFacebook() : void" num="249" testsuccess="true" count="1" testduration="3.32" type="method"/>
            <line num="251" count="1" type="stmt"/>
            <line num="252" count="1" type="stmt"/>
            <line num="253" count="1" type="stmt"/>
            <line num="254" count="1" type="stmt"/>
            <line num="255" count="1" type="stmt"/>
            <line complexity="1" visibility="public" signature="loginwithFB() : void" num="258" testsuccess="false" count="0" testduration="81.912" type="method"/>
            <line num="260" count="0" type="stmt"/>
            <line num="261" count="0" type="stmt"/>
            <line num="262" count="0" type="stmt"/>
            <line num="263" count="0" type="stmt"/>
            <line complexity="1" visibility="public" signature="createAnAccount() : void" num="266" testsuccess="false" count="0" testduration="24.153" type="method"/>
            <line num="268" count="0" type="stmt"/>
            <line num="269" count="0" type="stmt"/>
            <line num="270" count="0" type="stmt"/>
            <line num="271" count="0" type="stmt"/>
            <line num="272" count="0" type="stmt"/>
            <line num="273" count="0" type="stmt"/>
            <line num="274" count="0" type="stmt"/>
         </file>
      </package>
      <package name="ucreate.com.ImFootball.CreateAccount">
         <metrics coveredelements="0" complexity="1" loc="23" methods="1" classes="1" statements="2" coveredconditionals="0" coveredmethods="0" elements="3" ncloc="14" files="1" conditionals="0" coveredstatements="0"/>
         <file path="/home/hp/eclipse-workspace/ImFootball/src/test/java/ucreate/com/ImFootball/CreateAccount/WhoDoYouSupportTest.java" name="WhoDoYouSupportTest.java">
            <metrics coveredelements="0" coveredconditionals="0" complexity="1" loc="23" coveredmethods="0" methods="1" elements="3" classes="1" ncloc="14" statements="2" conditionals="0" coveredstatements="0"/>
            <class name="WhoDoYouSupportTest">
               <metrics coveredelements="0" coveredconditionals="0" complexity="1" coveredmethods="0" methods="1" elements="3" statements="2" conditionals="0" coveredstatements="0"/>
            </class>
            <line complexity="1" visibility="public" signature="clickCreateAccountButton() : void" num="14" count="0" type="method"/>
            <line num="16" count="0" type="stmt"/>
            <line num="17" count="0" type="stmt"/>
         </file>
      </package>
      <package name="ucreate.com.ImFootball.Home">
         <metrics coveredelements="0" complexity="2" loc="40" methods="2" classes="1" statements="14" coveredconditionals="0" coveredmethods="0" elements="16" ncloc="34" files="1" conditionals="0" coveredstatements="0"/>
         <file path="/home/hp/eclipse-workspace/ImFootball/src/test/java/ucreate/com/ImFootball/Home/HomeTest.java" name="HomeTest.java">
            <metrics coveredelements="0" coveredconditionals="0" complexity="2" loc="40" coveredmethods="0" methods="2" elements="16" classes="1" ncloc="34" statements="14" conditionals="0" coveredstatements="0"/>
            <class name="HomeTest">
               <metrics coveredelements="0" coveredconditionals="0" complexity="2" coveredmethods="0" methods="2" elements="16" statements="14" conditionals="0" coveredstatements="0"/>
            </class>
            <line complexity="1" visibility="public" signature="tabOnLoginButton() : void" num="19" count="0" type="method"/>
            <line num="21" count="0" type="stmt"/>
            <line num="22" count="0" type="stmt"/>
            <line num="23" count="0" type="stmt"/>
            <line num="24" count="0" type="stmt"/>
            <line num="25" count="0" type="stmt"/>
            <line num="26" count="0" type="stmt"/>
            <line num="27" count="0" type="stmt"/>
            <line complexity="1" visibility="public" signature="tabCreateAccountButton() : void" num="30" count="0" type="method"/>
            <line num="32" count="0" type="stmt"/>
            <line num="33" count="0" type="stmt"/>
            <line num="34" count="0" type="stmt"/>
            <line num="35" count="0" type="stmt"/>
            <line num="36" count="0" type="stmt"/>
            <line num="37" count="0" type="stmt"/>
            <line num="38" count="0" type="stmt"/>
         </file>
      </package>
   </testproject>
</coverage>