<?xml version="1.0" encoding="UTF-8"?>
<testsuite xmlns:xsi="http://www.w3.org/2001/XMLSchema-instance" xsi:schemaLocation="https://maven.apache.org/surefire/maven-surefire-plugin/xsd/surefire-test-report.xsd" name="TestSuite" time="0.604" tests="18" errors="0" skipped="17" failures="1">
  <properties>
[...]
</properties>
  <testcase name="Setup" classname="ucreate.com.ImFootball.Utilities.BrowserInstance" time="0.485">
    <failure message="org.openqa.selenium.json.JsonOutput.write(Ljava/lang/Object;Ljava/lang/reflect/Type;)Lorg/openqa/selenium/json/JsonOutput;" type="java.lang.NoSuchMethodError">java.lang.NoSuchMethodError: org.openqa.selenium.json.JsonOutput.write(Ljava/lang/Object;Ljava/lang/reflect/Type;)Lorg/openqa/selenium/json/JsonOutput;
	at ucreate.com.ImFootball.Utilities.BrowserInstance.Setup(BrowserInstance.java:24)
</failure>
  </testcase>
  <testcase name="clickOnLoginButton" classname="ucreate.com.ImFootball.Login.LoginTest" time="0">
    <skipped message="org.openqa.selenium.json.JsonOutput.write(Ljava/lang/Object;Ljava/lang/reflect/Type;)Lorg/openqa/selenium/json/JsonOutput;"/>
  </testcase>
  <testcase name="loginInvalidDeatils1" classname="ucreate.com.ImFootball.Login.LoginTest" time="0">
    <skipped message="org.openqa.selenium.json.JsonOutput.write(Ljava/lang/Object;Ljava/lang/reflect/Type;)Lorg/openqa/selenium/json/JsonOutput;"/>
  </testcase>
  <testcase name="loginInvalidDetails2" classname="ucreate.com.ImFootball.Login.LoginTest" time="0">
    <skipped message="org.openqa.selenium.json.JsonOutput.write(Ljava/lang/Object;Ljava/lang/reflect/Type;)Lorg/openqa/selenium/json/JsonOutput;"/>
  </testcase>
  <testcase name="loginInvalidDetails3" classname="ucreate.com.ImFootball.Login.LoginTest" time="0">
    <skipped message="org.openqa.selenium.json.JsonOutput.write(Ljava/lang/Object;Ljava/lang/reflect/Type;)Lorg/openqa/selenium/json/JsonOutput;"/>
  </testcase>
  <testcase name="loginInvalidDetails4" classname="ucreate.com.ImFootball.Login.LoginTest" time="0">
    <skipped message="org.openqa.selenium.json.JsonOutput.write(Ljava/lang/Object;Ljava/lang/reflect/Type;)Lorg/openqa/selenium/json/JsonOutput;"/>
  </testcase>
  <testcase name="loginInvalidDetails5" classname="ucreate.com.ImFootball.Login.LoginTest" time="0">
    <skipped message="org.openqa.selenium.json.JsonOutput.write(Ljava/lang/Object;Ljava/lang/reflect/Type;)Lorg/openqa/selenium/json/JsonOutput;"/>
  </testcase>
  <testcase name="loginInvalidDetails6" classname="ucreate.com.ImFootball.Login.LoginTest" time="0">
    <skipped message="org.openqa.selenium.json.JsonOutput.write(Ljava/lang/Object;Ljava/lang/reflect/Type;)Lorg/openqa/selenium/json/JsonOutput;"/>
  </testcase>
  <testcase name="loginInvalidDetails7" classname="ucreate.com.ImFootball.Login.LoginTest" time="0">
    <skipped message="org.openqa.selenium.json.JsonOutput.write(Ljava/lang/Object;Ljava/lang/reflect/Type;)Lorg/openqa/selenium/json/JsonOutput;"/>
  </testcase>
  <testcase name="loginInvalidDetails8" classname="ucreate.com.ImFootball.Login.LoginTest" time="0">
    <skipped message="org.openqa.selenium.json.JsonOutput.write(Ljava/lang/Object;Ljava/lang/reflect/Type;)Lorg/openqa/selenium/json/JsonOutput;"/>
  </testcase>
  <testcase name="loginInvalidDetails9" classname="ucreate.com.ImFootball.Login.LoginTest" time="0">
    <skipped message="org.openqa.selenium.json.JsonOutput.write(Ljava/lang/Object;Ljava/lang/reflect/Type;)Lorg/openqa/selenium/json/JsonOutput;"/>
  </testcase>
  <testcase name="loginInvalidDetails10" classname="ucreate.com.ImFootball.Login.LoginTest" time="0">
    <skipped message="org.openqa.selenium.json.JsonOutput.write(Ljava/lang/Object;Ljava/lang/reflect/Type;)Lorg/openqa/selenium/json/JsonOutput;"/>
  </testcase>
  <testcase name="loginInvalidDetails11" classname="ucreate.com.ImFootball.Login.LoginTest" time="0">
    <skipped message="org.openqa.selenium.json.JsonOutput.write(Ljava/lang/Object;Ljava/lang/reflect/Type;)Lorg/openqa/selenium/json/JsonOutput;"/>
  </testcase>
  <testcase name="loginValidDetails" classname="ucreate.com.ImFootball.Login.LoginTest" time="0">
    <skipped message="org.openqa.selenium.json.JsonOutput.write(Ljava/lang/Object;Ljava/lang/reflect/Type;)Lorg/openqa/selenium/json/JsonOutput;"/>
  </testcase>
  <testcase name="Signout" classname="ucreate.com.ImFootball.Login.LoginTest" time="0">
    <skipped message="org.openqa.selenium.json.JsonOutput.write(Ljava/lang/Object;Ljava/lang/reflect/Type;)Lorg/openqa/selenium/json/JsonOutput;"/>
  </testcase>
  <testcase name="tabOnLoginwithFacebook" classname="ucreate.com.ImFootball.Login.LoginTest" time="0">
    <skipped message="org.openqa.selenium.json.JsonOutput.write(Ljava/lang/Object;Ljava/lang/reflect/Type;)Lorg/openqa/selenium/json/JsonOutput;"/>
  </testcase>
  <testcase name="loginwithFB" classname="ucreate.com.ImFootball.Login.LoginTest" time="0">
    <skipped message="org.openqa.selenium.json.JsonOutput.write(Ljava/lang/Object;Ljava/lang/reflect/Type;)Lorg/openqa/selenium/json/JsonOutput;"/>
  </testcase>
  <testcase name="createAnAccount" classname="ucreate.com.ImFootball.Login.LoginTest" time="0">
    <skipped message="org.openqa.selenium.json.JsonOutput.write(Ljava/lang/Object;Ljava/lang/reflect/Type;)Lorg/openqa/selenium/json/JsonOutput;"/>
  </testcase>
</testsuite>